<?xml version="1.0" encoding="UTF-8"?>
<coverage generated="1650459090718" clover="3.2.0">
  <project timestamp="1650459090718" name="All files">
    <metrics statements="71" coveredstatements="49" conditionals="23" coveredconditionals="20" methods="32" coveredmethods="26" elements="126" coveredelements="95" complexity="0" loc="71" ncloc="71" packages="4" files="9" classes="9"/>
    <package name="components">
      <metrics statements="15" coveredstatements="15" conditionals="8" coveredconditionals="7" methods="8" coveredmethods="8"/>
      <file name="App.jsx" path="/Users/chanho/Desktop/chris/codesoom/react-week5-assignment-1/src/components/App.jsx">
        <metrics statements="8" coveredstatements="8" conditionals="0" coveredconditionals="0" methods="4" coveredmethods="4"/>
        <line num="11" count="1" type="stmt"/>
        <line num="13" count="1" type="stmt"/>
        <line num="18" count="1" type="stmt"/>
        <line num="19" count="1" type="stmt"/>
        <line num="20" count="1" type="stmt"/>
        <line num="23" count="1" type="stmt"/>
        <line num="24" count="1" type="stmt"/>
        <line num="27" count="1" type="stmt"/>
      </file>
      <file name="Buttons.jsx" path="/Users/chanho/Desktop/chris/codesoom/react-week5-assignment-1/src/components/Buttons.jsx">
        <metrics statements="5" coveredstatements="5" conditionals="8" coveredconditionals="7" methods="3" coveredmethods="3"/>
        <line num="5" count="16" type="cond" truecount="4" falsecount="0"/>
        <line num="6" count="8" type="cond" truecount="2" falsecount="0"/>
        <line num="9" count="8" type="stmt"/>
        <line num="12" count="12" type="stmt"/>
        <line num="13" count="4" type="stmt"/>
      </file>
      <file name="Restaurant.jsx" path="/Users/chanho/Desktop/chris/codesoom/react-week5-assignment-1/src/components/Restaurant.jsx">
        <metrics statements="2" coveredstatements="2" conditionals="0" coveredconditionals="0" methods="1" coveredmethods="1"/>
        <line num="2" count="4" type="stmt"/>
        <line num="4" count="4" type="stmt"/>
      </file>
    </package>
    <package name="containers">
      <metrics statements="13" coveredstatements="13" conditionals="4" coveredconditionals="4" methods="9" coveredmethods="9"/>
      <file name="CategoriesContainer.jsx" path="/Users/chanho/Desktop/chris/codesoom/react-week5-assignment-1/src/containers/CategoriesContainer.jsx">
        <metrics statements="4" coveredstatements="4" conditionals="0" coveredconditionals="0" methods="3" coveredmethods="3"/>
        <line num="8" count="4" type="stmt"/>
        <line num="10" count="4" type="stmt"/>
        <line num="16" count="1" type="stmt"/>
        <line num="19" count="4" type="stmt"/>
      </file>
      <file name="RegionsContainer.jsx" path="/Users/chanho/Desktop/chris/codesoom/react-week5-assignment-1/src/containers/RegionsContainer.jsx">
        <metrics statements="4" coveredstatements="4" conditionals="0" coveredconditionals="0" methods="3" coveredmethods="3"/>
        <line num="8" count="4" type="stmt"/>
        <line num="10" count="4" type="stmt"/>
        <line num="16" count="1" type="stmt"/>
        <line num="19" count="4" type="stmt"/>
      </file>
      <file name="RestaurantContainer.jsx" path="/Users/chanho/Desktop/chris/codesoom/react-week5-assignment-1/src/containers/RestaurantContainer.jsx">
        <metrics statements="5" coveredstatements="5" conditionals="4" coveredconditionals="4" methods="3" coveredmethods="3"/>
        <line num="6" count="3" type="stmt"/>
        <line num="10" count="3" type="cond" truecount="4" falsecount="0"/>
        <line num="11" count="1" type="stmt"/>
        <line num="14" count="2" type="stmt"/>
        <line num="17" count="3" type="stmt"/>
      </file>
    </package>
    <package name="redux">
      <metrics statements="31" coveredstatements="21" conditionals="11" coveredconditionals="9" methods="12" coveredmethods="9"/>
      <file name="actions.js" path="/Users/chanho/Desktop/chris/codesoom/react-week5-assignment-1/src/redux/actions.js">
        <metrics statements="14" coveredstatements="8" conditionals="0" coveredconditionals="0" methods="11" coveredmethods="8"/>
        <line num="3" count="4" type="stmt"/>
        <line num="10" count="4" type="stmt"/>
        <line num="17" count="4" type="stmt"/>
        <line num="24" count="4" type="stmt"/>
        <line num="31" count="4" type="stmt"/>
        <line num="39" count="1" type="stmt"/>
        <line num="40" count="0" type="stmt"/>
        <line num="42" count="0" type="stmt"/>
        <line num="47" count="1" type="stmt"/>
        <line num="48" count="0" type="stmt"/>
        <line num="50" count="0" type="stmt"/>
        <line num="55" count="1" type="stmt"/>
        <line num="56" count="0" type="stmt"/>
        <line num="58" count="0" type="stmt"/>
      </file>
      <file name="reducer.js" path="/Users/chanho/Desktop/chris/codesoom/react-week5-assignment-1/src/redux/reducer.js">
        <metrics statements="17" coveredstatements="13" conditionals="11" coveredconditionals="9" methods="1" coveredmethods="1"/>
        <line num="1" count="1" type="stmt"/>
        <line num="13" count="7" type="cond" truecount="2" falsecount="0"/>
        <line num="14" count="2" type="stmt"/>
        <line num="15" count="2" type="stmt"/>
        <line num="21" count="5" type="cond" truecount="2" falsecount="0"/>
        <line num="22" count="2" type="stmt"/>
        <line num="23" count="2" type="stmt"/>
        <line num="29" count="3" type="cond" truecount="2" falsecount="0"/>
        <line num="30" count="2" type="stmt"/>
        <line num="31" count="2" type="stmt"/>
        <line num="37" count="1" type="cond" truecount="1" falsecount="1"/>
        <line num="38" count="0" type="stmt"/>
        <line num="39" count="0" type="stmt"/>
        <line num="45" count="1" type="cond" truecount="1" falsecount="1"/>
        <line num="46" count="0" type="stmt"/>
        <line num="47" count="0" type="stmt"/>
        <line num="53" count="1" type="stmt"/>
      </file>
    </package>
    <package name="services">
      <metrics statements="12" coveredstatements="0" conditionals="0" coveredconditionals="0" methods="3" coveredmethods="0"/>
      <file name="api.js" path="/Users/chanho/Desktop/chris/codesoom/react-week5-assignment-1/src/services/api.js">
        <metrics statements="12" coveredstatements="0" conditionals="0" coveredconditionals="0" methods="3" coveredmethods="0"/>
        <line num="2" count="0" type="stmt"/>
        <line num="3" count="0" type="stmt"/>
        <line num="4" count="0" type="stmt"/>
        <line num="5" count="0" type="stmt"/>
        <line num="9" count="0" type="stmt"/>
        <line num="10" count="0" type="stmt"/>
        <line num="11" count="0" type="stmt"/>
        <line num="12" count="0" type="stmt"/>
        <line num="16" count="0" type="stmt"/>
        <line num="17" count="0" type="stmt"/>
        <line num="18" count="0" type="stmt"/>
        <line num="19" count="0" type="stmt"/>
      </file>
    </package>
  </project>
</coverage>
