{"/Users/chanho/Desktop/chris/codesoom/react-week5-assignment-1/src/components/App.jsx": {"path":"/Users/chanho/Desktop/chris/codesoom/react-week5-assignment-1/src/components/App.jsx","statementMap":{"0":{"start":{"line":11,"column":19},"end":{"line":11,"column":32}},"1":{"start":{"line":13,"column":25},"end":{"line":15,"column":5}},"2":{"start":{"line":13,"column":49},"end":{"line":15,"column":3}},"3":{"start":{"line":17,"column":2},"end":{"line":21,"column":9}},"4":{"start":{"line":18,"column":4},"end":{"line":18,"column":28}},"5":{"start":{"line":19,"column":4},"end":{"line":19,"column":31}},"6":{"start":{"line":20,"column":4},"end":{"line":20,"column":32}},"7":{"start":{"line":23,"column":2},"end":{"line":37,"column":4}}},"fnMap":{"0":{"name":"App","decl":{"start":{"line":10,"column":24},"end":{"line":10,"column":27}},"loc":{"start":{"line":10,"column":30},"end":{"line":38,"column":1}},"line":10},"1":{"name":"(anonymous_1)","decl":{"start":{"line":13,"column":37},"end":{"line":13,"column":38}},"loc":{"start":{"line":13,"column":49},"end":{"line":15,"column":3}},"line":13},"2":{"name":"(anonymous_2)","decl":{"start":{"line":17,"column":12},"end":{"line":17,"column":13}},"loc":{"start":{"line":17,"column":18},"end":{"line":21,"column":3}},"line":17}},"branchMap":{},"s":{"0":1,"1":1,"2":1,"3":1,"4":1,"5":1,"6":1,"7":1},"f":{"0":1,"1":1,"2":1},"b":{},"_coverageSchema":"1a1c01bbd47fc00a2c39e90264f33305004495a9","hash":"fdb9098c23d127ed45f833815c98f76dd707e144"}
,"/Users/chanho/Desktop/chris/codesoom/react-week5-assignment-1/src/components/Categories.jsx": {"path":"/Users/chanho/Desktop/chris/codesoom/react-week5-assignment-1/src/components/Categories.jsx","statementMap":{"0":{"start":{"line":2,"column":2},"end":{"line":4,"column":3}},"1":{"start":{"line":3,"column":4},"end":{"line":3,"column":27}},"2":{"start":{"line":6,"column":2},"end":{"line":16,"column":4}},"3":{"start":{"line":9,"column":8},"end":{"line":13,"column":13}}},"fnMap":{"0":{"name":"Categories","decl":{"start":{"line":1,"column":24},"end":{"line":1,"column":34}},"loc":{"start":{"line":1,"column":51},"end":{"line":17,"column":1}},"line":1},"1":{"name":"(anonymous_1)","decl":{"start":{"line":8,"column":22},"end":{"line":8,"column":23}},"loc":{"start":{"line":9,"column":8},"end":{"line":13,"column":13}},"line":9}},"branchMap":{"0":{"loc":{"start":{"line":2,"column":2},"end":{"line":4,"column":3}},"type":"if","locations":[{"start":{"line":2,"column":2},"end":{"line":4,"column":3}},{"start":{"line":2,"column":2},"end":{"line":4,"column":3}}],"line":2},"1":{"loc":{"start":{"line":2,"column":6},"end":{"line":2,"column":44}},"type":"binary-expr","locations":[{"start":{"line":2,"column":6},"end":{"line":2,"column":17}},{"start":{"line":2,"column":21},"end":{"line":2,"column":44}}],"line":2}},"s":{"0":5,"1":3,"2":2,"3":2},"f":{"0":5,"1":2},"b":{"0":[3,2],"1":[5,4]},"_coverageSchema":"1a1c01bbd47fc00a2c39e90264f33305004495a9","hash":"b319fa8146fd1c81de0aa56d2f175a05872a79e2"}
,"/Users/chanho/Desktop/chris/codesoom/react-week5-assignment-1/src/components/Regions.jsx": {"path":"/Users/chanho/Desktop/chris/codesoom/react-week5-assignment-1/src/components/Regions.jsx","statementMap":{"0":{"start":{"line":2,"column":2},"end":{"line":4,"column":3}},"1":{"start":{"line":3,"column":4},"end":{"line":3,"column":25}},"2":{"start":{"line":6,"column":2},"end":{"line":17,"column":4}},"3":{"start":{"line":9,"column":8},"end":{"line":14,"column":13}},"4":{"start":{"line":10,"column":47},"end":{"line":10,"column":84}}},"fnMap":{"0":{"name":"Regions","decl":{"start":{"line":1,"column":24},"end":{"line":1,"column":31}},"loc":{"start":{"line":1,"column":72},"end":{"line":18,"column":1}},"line":1},"1":{"name":"(anonymous_1)","decl":{"start":{"line":8,"column":19},"end":{"line":8,"column":20}},"loc":{"start":{"line":9,"column":8},"end":{"line":14,"column":13}},"line":9},"2":{"name":"(anonymous_2)","decl":{"start":{"line":10,"column":41},"end":{"line":10,"column":42}},"loc":{"start":{"line":10,"column":47},"end":{"line":10,"column":84}},"line":10}},"branchMap":{"0":{"loc":{"start":{"line":2,"column":2},"end":{"line":4,"column":3}},"type":"if","locations":[{"start":{"line":2,"column":2},"end":{"line":4,"column":3}},{"start":{"line":2,"column":2},"end":{"line":4,"column":3}}],"line":2},"1":{"loc":{"start":{"line":2,"column":6},"end":{"line":2,"column":38}},"type":"binary-expr","locations":[{"start":{"line":2,"column":6},"end":{"line":2,"column":14}},{"start":{"line":2,"column":18},"end":{"line":2,"column":38}}],"line":2},"2":{"loc":{"start":{"line":12,"column":13},"end":{"line":12,"column":54}},"type":"cond-expr","locations":[{"start":{"line":12,"column":42},"end":{"line":12,"column":47}},{"start":{"line":12,"column":50},"end":{"line":12,"column":54}}],"line":12}},"s":{"0":6,"1":3,"2":3,"3":3,"4":1},"f":{"0":6,"1":3,"2":1},"b":{"0":[3,3],"1":[6,5],"2":[0,3]},"_coverageSchema":"1a1c01bbd47fc00a2c39e90264f33305004495a9","hash":"5205937451ca53fa85c71cc7024d3f8af0d18cfb"}
,"/Users/chanho/Desktop/chris/codesoom/react-week5-assignment-1/src/components/Restaurant.jsx": {"path":"/Users/chanho/Desktop/chris/codesoom/react-week5-assignment-1/src/components/Restaurant.jsx","statementMap":{"0":{"start":{"line":2,"column":38},"end":{"line":2,"column":48}},"1":{"start":{"line":3,"column":2},"end":{"line":7,"column":4}}},"fnMap":{"0":{"name":"Restaurant","decl":{"start":{"line":1,"column":24},"end":{"line":1,"column":34}},"loc":{"start":{"line":1,"column":51},"end":{"line":8,"column":1}},"line":1}},"branchMap":{},"s":{"0":4,"1":4},"f":{"0":4},"b":{},"_coverageSchema":"1a1c01bbd47fc00a2c39e90264f33305004495a9","hash":"563077c567b51bbac1b44c94e77daa9d4b1f0588"}
,"/Users/chanho/Desktop/chris/codesoom/react-week5-assignment-1/src/containers/CategoriesContainer.jsx": {"path":"/Users/chanho/Desktop/chris/codesoom/react-week5-assignment-1/src/containers/CategoriesContainer.jsx","statementMap":{"0":{"start":{"line":6,"column":25},"end":{"line":8,"column":5}},"1":{"start":{"line":6,"column":49},"end":{"line":8,"column":3}},"2":{"start":{"line":10,"column":2},"end":{"line":14,"column":4}}},"fnMap":{"0":{"name":"CategoriesContainer","decl":{"start":{"line":5,"column":24},"end":{"line":5,"column":43}},"loc":{"start":{"line":5,"column":46},"end":{"line":15,"column":1}},"line":5},"1":{"name":"(anonymous_1)","decl":{"start":{"line":6,"column":37},"end":{"line":6,"column":38}},"loc":{"start":{"line":6,"column":49},"end":{"line":8,"column":3}},"line":6}},"branchMap":{},"s":{"0":3,"1":3,"2":3},"f":{"0":3,"1":3},"b":{},"_coverageSchema":"1a1c01bbd47fc00a2c39e90264f33305004495a9","hash":"9ef8e2f3c6178a2a69e861cac1a6918fac7fdfac"}
,"/Users/chanho/Desktop/chris/codesoom/react-week5-assignment-1/src/containers/RegionsContainer.jsx": {"path":"/Users/chanho/Desktop/chris/codesoom/react-week5-assignment-1/src/containers/RegionsContainer.jsx","statementMap":{"0":{"start":{"line":8,"column":19},"end":{"line":8,"column":32}},"1":{"start":{"line":10,"column":34},"end":{"line":13,"column":5}},"2":{"start":{"line":10,"column":58},"end":{"line":13,"column":3}},"3":{"start":{"line":16,"column":4},"end":{"line":16,"column":54}},"4":{"start":{"line":19,"column":2},"end":{"line":25,"column":4}}},"fnMap":{"0":{"name":"RegionsContainer","decl":{"start":{"line":7,"column":24},"end":{"line":7,"column":40}},"loc":{"start":{"line":7,"column":43},"end":{"line":26,"column":1}},"line":7},"1":{"name":"(anonymous_1)","decl":{"start":{"line":10,"column":46},"end":{"line":10,"column":47}},"loc":{"start":{"line":10,"column":58},"end":{"line":13,"column":3}},"line":10},"2":{"name":"handleRegionClick","decl":{"start":{"line":15,"column":11},"end":{"line":15,"column":28}},"loc":{"start":{"line":15,"column":40},"end":{"line":17,"column":3}},"line":15}},"branchMap":{},"s":{"0":4,"1":4,"2":4,"3":1,"4":4},"f":{"0":4,"1":4,"2":1},"b":{},"_coverageSchema":"1a1c01bbd47fc00a2c39e90264f33305004495a9","hash":"29a5819055a0926b9137f24a0c5d49e55cadcdf3"}
,"/Users/chanho/Desktop/chris/codesoom/react-week5-assignment-1/src/containers/RestaurantContainer.jsx": {"path":"/Users/chanho/Desktop/chris/codesoom/react-week5-assignment-1/src/containers/RestaurantContainer.jsx","statementMap":{"0":{"start":{"line":6,"column":26},"end":{"line":8,"column":5}},"1":{"start":{"line":6,"column":50},"end":{"line":8,"column":3}},"2":{"start":{"line":10,"column":2},"end":{"line":12,"column":3}},"3":{"start":{"line":11,"column":4},"end":{"line":11,"column":25}},"4":{"start":{"line":14,"column":2},"end":{"line":23,"column":4}},"5":{"start":{"line":17,"column":8},"end":{"line":20,"column":10}}},"fnMap":{"0":{"name":"RestaurantContainer","decl":{"start":{"line":5,"column":24},"end":{"line":5,"column":43}},"loc":{"start":{"line":5,"column":46},"end":{"line":24,"column":1}},"line":5},"1":{"name":"(anonymous_1)","decl":{"start":{"line":6,"column":38},"end":{"line":6,"column":39}},"loc":{"start":{"line":6,"column":50},"end":{"line":8,"column":3}},"line":6},"2":{"name":"(anonymous_2)","decl":{"start":{"line":16,"column":23},"end":{"line":16,"column":24}},"loc":{"start":{"line":17,"column":8},"end":{"line":20,"column":10}},"line":17}},"branchMap":{"0":{"loc":{"start":{"line":10,"column":2},"end":{"line":12,"column":3}},"type":"if","locations":[{"start":{"line":10,"column":2},"end":{"line":12,"column":3}},{"start":{"line":10,"column":2},"end":{"line":12,"column":3}}],"line":10},"1":{"loc":{"start":{"line":10,"column":6},"end":{"line":10,"column":46}},"type":"binary-expr","locations":[{"start":{"line":10,"column":6},"end":{"line":10,"column":18}},{"start":{"line":10,"column":22},"end":{"line":10,"column":46}}],"line":10}},"s":{"0":3,"1":3,"2":3,"3":1,"4":2,"5":3},"f":{"0":3,"1":3,"2":3},"b":{"0":[1,2],"1":[3,3]},"_coverageSchema":"1a1c01bbd47fc00a2c39e90264f33305004495a9","hash":"183268dde8d02c4a231b017bd41b79b18bf588bf"}
,"/Users/chanho/Desktop/chris/codesoom/react-week5-assignment-1/src/redux/actions.js": {"path":"/Users/chanho/Desktop/chris/codesoom/react-week5-assignment-1/src/redux/actions.js","statementMap":{"0":{"start":{"line":3,"column":29},"end":{"line":10,"column":2}},"1":{"start":{"line":3,"column":63},"end":{"line":10,"column":1}},"2":{"start":{"line":12,"column":32},"end":{"line":17,"column":2}},"3":{"start":{"line":12,"column":45},"end":{"line":17,"column":1}},"4":{"start":{"line":19,"column":30},"end":{"line":24,"column":2}},"5":{"start":{"line":19,"column":52},"end":{"line":24,"column":1}},"6":{"start":{"line":26,"column":26},"end":{"line":31,"column":2}},"7":{"start":{"line":26,"column":41},"end":{"line":31,"column":1}},"8":{"start":{"line":33,"column":30},"end":{"line":38,"column":2}},"9":{"start":{"line":33,"column":49},"end":{"line":38,"column":1}},"10":{"start":{"line":40,"column":29},"end":{"line":45,"column":2}},"11":{"start":{"line":40,"column":47},"end":{"line":45,"column":1}},"12":{"start":{"line":47,"column":32},"end":{"line":52,"column":2}},"13":{"start":{"line":47,"column":53},"end":{"line":52,"column":1}},"14":{"start":{"line":54,"column":29},"end":{"line":59,"column":2}},"15":{"start":{"line":54,"column":50},"end":{"line":59,"column":1}},"16":{"start":{"line":61,"column":26},"end":{"line":66,"column":2}},"17":{"start":{"line":61,"column":44},"end":{"line":66,"column":1}},"18":{"start":{"line":69,"column":2},"end":{"line":73,"column":4}},"19":{"start":{"line":70,"column":20},"end":{"line":70,"column":40}},"20":{"start":{"line":72,"column":4},"end":{"line":72,"column":38}},"21":{"start":{"line":77,"column":2},"end":{"line":81,"column":4}},"22":{"start":{"line":78,"column":23},"end":{"line":78,"column":46}},"23":{"start":{"line":80,"column":4},"end":{"line":80,"column":44}},"24":{"start":{"line":85,"column":2},"end":{"line":89,"column":4}},"25":{"start":{"line":86,"column":24},"end":{"line":86,"column":26}},"26":{"start":{"line":88,"column":4},"end":{"line":88,"column":46}}},"fnMap":{"0":{"name":"(anonymous_0)","decl":{"start":{"line":3,"column":29},"end":{"line":3,"column":30}},"loc":{"start":{"line":3,"column":63},"end":{"line":10,"column":1}},"line":3},"1":{"name":"(anonymous_1)","decl":{"start":{"line":12,"column":32},"end":{"line":12,"column":33}},"loc":{"start":{"line":12,"column":45},"end":{"line":17,"column":1}},"line":12},"2":{"name":"(anonymous_2)","decl":{"start":{"line":19,"column":30},"end":{"line":19,"column":31}},"loc":{"start":{"line":19,"column":52},"end":{"line":24,"column":1}},"line":19},"3":{"name":"(anonymous_3)","decl":{"start":{"line":26,"column":26},"end":{"line":26,"column":27}},"loc":{"start":{"line":26,"column":41},"end":{"line":31,"column":1}},"line":26},"4":{"name":"(anonymous_4)","decl":{"start":{"line":33,"column":30},"end":{"line":33,"column":31}},"loc":{"start":{"line":33,"column":49},"end":{"line":38,"column":1}},"line":33},"5":{"name":"(anonymous_5)","decl":{"start":{"line":40,"column":29},"end":{"line":40,"column":30}},"loc":{"start":{"line":40,"column":47},"end":{"line":45,"column":1}},"line":40},"6":{"name":"(anonymous_6)","decl":{"start":{"line":47,"column":32},"end":{"line":47,"column":33}},"loc":{"start":{"line":47,"column":53},"end":{"line":52,"column":1}},"line":47},"7":{"name":"(anonymous_7)","decl":{"start":{"line":54,"column":29},"end":{"line":54,"column":30}},"loc":{"start":{"line":54,"column":50},"end":{"line":59,"column":1}},"line":54},"8":{"name":"(anonymous_8)","decl":{"start":{"line":61,"column":26},"end":{"line":61,"column":27}},"loc":{"start":{"line":61,"column":44},"end":{"line":66,"column":1}},"line":61},"9":{"name":"loadRegions","decl":{"start":{"line":68,"column":16},"end":{"line":68,"column":27}},"loc":{"start":{"line":68,"column":30},"end":{"line":74,"column":1}},"line":68},"10":{"name":"(anonymous_10)","decl":{"start":{"line":69,"column":9},"end":{"line":69,"column":10}},"loc":{"start":{"line":69,"column":29},"end":{"line":73,"column":3}},"line":69},"11":{"name":"loadCategories","decl":{"start":{"line":76,"column":16},"end":{"line":76,"column":30}},"loc":{"start":{"line":76,"column":33},"end":{"line":82,"column":1}},"line":76},"12":{"name":"(anonymous_12)","decl":{"start":{"line":77,"column":9},"end":{"line":77,"column":10}},"loc":{"start":{"line":77,"column":29},"end":{"line":81,"column":3}},"line":77},"13":{"name":"loadRestaurants","decl":{"start":{"line":84,"column":16},"end":{"line":84,"column":31}},"loc":{"start":{"line":84,"column":34},"end":{"line":90,"column":1}},"line":84},"14":{"name":"(anonymous_14)","decl":{"start":{"line":85,"column":9},"end":{"line":85,"column":10}},"loc":{"start":{"line":85,"column":29},"end":{"line":89,"column":3}},"line":85}},"branchMap":{},"s":{"0":3,"1":7,"2":3,"3":2,"4":3,"5":2,"6":3,"7":1,"8":3,"9":1,"10":3,"11":1,"12":3,"13":2,"14":3,"15":2,"16":3,"17":2,"18":1,"19":0,"20":0,"21":1,"22":0,"23":0,"24":1,"25":0,"26":0},"f":{"0":7,"1":2,"2":2,"3":1,"4":1,"5":1,"6":2,"7":2,"8":2,"9":1,"10":0,"11":1,"12":0,"13":1,"14":0},"b":{},"_coverageSchema":"1a1c01bbd47fc00a2c39e90264f33305004495a9","hash":"5bf6d001bdee793f66c42e2e5f85fdf39d43666e"}
,"/Users/chanho/Desktop/chris/codesoom/react-week5-assignment-1/src/redux/reducer.js": {"path":"/Users/chanho/Desktop/chris/codesoom/react-week5-assignment-1/src/redux/reducer.js","statementMap":{"0":{"start":{"line":1,"column":21},"end":{"line":10,"column":1}},"1":{"start":{"line":16,"column":2},"end":{"line":38,"column":3}},"2":{"start":{"line":17,"column":4},"end":{"line":21,"column":5}},"3":{"start":{"line":20,"column":6},"end":{"line":20,"column":19}},"4":{"start":{"line":23,"column":4},"end":{"line":37,"column":6}},"5":{"start":{"line":40,"column":2},"end":{"line":45,"column":3}},"6":{"start":{"line":41,"column":4},"end":{"line":44,"column":6}},"7":{"start":{"line":43,"column":54},"end":{"line":43,"column":83}},"8":{"start":{"line":47,"column":2},"end":{"line":52,"column":3}},"9":{"start":{"line":48,"column":4},"end":{"line":51,"column":6}},"10":{"start":{"line":54,"column":2},"end":{"line":59,"column":3}},"11":{"start":{"line":55,"column":4},"end":{"line":58,"column":6}},"12":{"start":{"line":61,"column":2},"end":{"line":66,"column":3}},"13":{"start":{"line":62,"column":4},"end":{"line":65,"column":6}},"14":{"start":{"line":68,"column":2},"end":{"line":73,"column":3}},"15":{"start":{"line":69,"column":4},"end":{"line":72,"column":6}},"16":{"start":{"line":75,"column":2},"end":{"line":81,"column":3}},"17":{"start":{"line":76,"column":27},"end":{"line":76,"column":41}},"18":{"start":{"line":77,"column":4},"end":{"line":80,"column":6}},"19":{"start":{"line":83,"column":2},"end":{"line":88,"column":3}},"20":{"start":{"line":84,"column":4},"end":{"line":87,"column":6}},"21":{"start":{"line":90,"column":2},"end":{"line":96,"column":3}},"22":{"start":{"line":91,"column":24},"end":{"line":91,"column":38}},"23":{"start":{"line":92,"column":4},"end":{"line":95,"column":6}},"24":{"start":{"line":98,"column":2},"end":{"line":98,"column":15}}},"fnMap":{"0":{"name":"reducer","decl":{"start":{"line":12,"column":24},"end":{"line":12,"column":31}},"loc":{"start":{"line":15,"column":3},"end":{"line":99,"column":1}},"line":15},"1":{"name":"(anonymous_1)","decl":{"start":{"line":43,"column":44},"end":{"line":43,"column":45}},"loc":{"start":{"line":43,"column":54},"end":{"line":43,"column":83}},"line":43}},"branchMap":{"0":{"loc":{"start":{"line":13,"column":2},"end":{"line":13,"column":22}},"type":"default-arg","locations":[{"start":{"line":13,"column":10},"end":{"line":13,"column":22}}],"line":13},"1":{"loc":{"start":{"line":16,"column":2},"end":{"line":38,"column":3}},"type":"if","locations":[{"start":{"line":16,"column":2},"end":{"line":38,"column":3}},{"start":{"line":16,"column":2},"end":{"line":38,"column":3}}],"line":16},"2":{"loc":{"start":{"line":17,"column":4},"end":{"line":21,"column":5}},"type":"if","locations":[{"start":{"line":17,"column":4},"end":{"line":21,"column":5}},{"start":{"line":17,"column":4},"end":{"line":21,"column":5}}],"line":17},"3":{"loc":{"start":{"line":17,"column":8},"end":{"line":19,"column":32}},"type":"binary-expr","locations":[{"start":{"line":17,"column":8},"end":{"line":17,"column":28}},{"start":{"line":18,"column":9},"end":{"line":18,"column":33}},{"start":{"line":19,"column":9},"end":{"line":19,"column":32}}],"line":17},"4":{"loc":{"start":{"line":40,"column":2},"end":{"line":45,"column":3}},"type":"if","locations":[{"start":{"line":40,"column":2},"end":{"line":45,"column":3}},{"start":{"line":40,"column":2},"end":{"line":45,"column":3}}],"line":40},"5":{"loc":{"start":{"line":47,"column":2},"end":{"line":52,"column":3}},"type":"if","locations":[{"start":{"line":47,"column":2},"end":{"line":52,"column":3}},{"start":{"line":47,"column":2},"end":{"line":52,"column":3}}],"line":47},"6":{"loc":{"start":{"line":54,"column":2},"end":{"line":59,"column":3}},"type":"if","locations":[{"start":{"line":54,"column":2},"end":{"line":59,"column":3}},{"start":{"line":54,"column":2},"end":{"line":59,"column":3}}],"line":54},"7":{"loc":{"start":{"line":61,"column":2},"end":{"line":66,"column":3}},"type":"if","locations":[{"start":{"line":61,"column":2},"end":{"line":66,"column":3}},{"start":{"line":61,"column":2},"end":{"line":66,"column":3}}],"line":61},"8":{"loc":{"start":{"line":68,"column":2},"end":{"line":73,"column":3}},"type":"if","locations":[{"start":{"line":68,"column":2},"end":{"line":73,"column":3}},{"start":{"line":68,"column":2},"end":{"line":73,"column":3}}],"line":68},"9":{"loc":{"start":{"line":75,"column":2},"end":{"line":81,"column":3}},"type":"if","locations":[{"start":{"line":75,"column":2},"end":{"line":81,"column":3}},{"start":{"line":75,"column":2},"end":{"line":81,"column":3}}],"line":75},"10":{"loc":{"start":{"line":83,"column":2},"end":{"line":88,"column":3}},"type":"if","locations":[{"start":{"line":83,"column":2},"end":{"line":88,"column":3}},{"start":{"line":83,"column":2},"end":{"line":88,"column":3}}],"line":83},"11":{"loc":{"start":{"line":90,"column":2},"end":{"line":96,"column":3}},"type":"if","locations":[{"start":{"line":90,"column":2},"end":{"line":96,"column":3}},{"start":{"line":90,"column":2},"end":{"line":96,"column":3}}],"line":90}},"s":{"0":1,"1":19,"2":7,"3":3,"4":4,"5":12,"6":2,"7":4,"8":10,"9":2,"10":8,"11":1,"12":7,"13":1,"14":6,"15":1,"16":5,"17":0,"18":0,"19":5,"20":2,"21":3,"22":2,"23":2,"24":1},"f":{"0":19,"1":4},"b":{"0":[1],"1":[7,12],"2":[3,4],"3":[7,6,5],"4":[2,10],"5":[2,8],"6":[1,7],"7":[1,6],"8":[1,5],"9":[0,5],"10":[2,3],"11":[2,1]},"_coverageSchema":"1a1c01bbd47fc00a2c39e90264f33305004495a9","hash":"cb3a4c809a3dcc44de2b6d7340b37712845ee0e0"}
,"/Users/chanho/Desktop/chris/codesoom/react-week5-assignment-1/src/services/api.js": {"path":"/Users/chanho/Desktop/chris/codesoom/react-week5-assignment-1/src/services/api.js","statementMap":{"0":{"start":{"line":2,"column":14},"end":{"line":2,"column":67}},"1":{"start":{"line":3,"column":19},"end":{"line":3,"column":35}},"2":{"start":{"line":4,"column":15},"end":{"line":4,"column":36}},"3":{"start":{"line":5,"column":2},"end":{"line":5,"column":14}},"4":{"start":{"line":9,"column":14},"end":{"line":9,"column":64}},"5":{"start":{"line":10,"column":19},"end":{"line":10,"column":35}},"6":{"start":{"line":11,"column":15},"end":{"line":11,"column":36}},"7":{"start":{"line":12,"column":2},"end":{"line":12,"column":14}}},"fnMap":{"0":{"name":"fetchCategories","decl":{"start":{"line":1,"column":22},"end":{"line":1,"column":37}},"loc":{"start":{"line":1,"column":40},"end":{"line":6,"column":1}},"line":1},"1":{"name":"fetchRegions","decl":{"start":{"line":8,"column":22},"end":{"line":8,"column":34}},"loc":{"start":{"line":8,"column":37},"end":{"line":13,"column":1}},"line":8}},"branchMap":{},"s":{"0":0,"1":0,"2":0,"3":0,"4":0,"5":0,"6":0,"7":0},"f":{"0":0,"1":0},"b":{},"_coverageSchema":"1a1c01bbd47fc00a2c39e90264f33305004495a9","hash":"ea85a68d534eb0b91d46b0c27cf5fdc4316fecac"}
}
