{"/Users/chanho/Desktop/chris/codesoom/react-week5-assignment-1/src/components/App.jsx": {"path":"/Users/chanho/Desktop/chris/codesoom/react-week5-assignment-1/src/components/App.jsx","statementMap":{"0":{"start":{"line":11,"column":19},"end":{"line":11,"column":32}},"1":{"start":{"line":13,"column":37},"end":{"line":16,"column":5}},"2":{"start":{"line":13,"column":61},"end":{"line":16,"column":3}},"3":{"start":{"line":18,"column":2},"end":{"line":21,"column":9}},"4":{"start":{"line":19,"column":4},"end":{"line":19,"column":28}},"5":{"start":{"line":20,"column":4},"end":{"line":20,"column":31}},"6":{"start":{"line":23,"column":2},"end":{"line":25,"column":31}},"7":{"start":{"line":24,"column":4},"end":{"line":24,"column":58}},"8":{"start":{"line":27,"column":2},"end":{"line":34,"column":4}}},"fnMap":{"0":{"name":"App","decl":{"start":{"line":10,"column":24},"end":{"line":10,"column":27}},"loc":{"start":{"line":10,"column":30},"end":{"line":35,"column":1}},"line":10},"1":{"name":"(anonymous_1)","decl":{"start":{"line":13,"column":49},"end":{"line":13,"column":50}},"loc":{"start":{"line":13,"column":61},"end":{"line":16,"column":3}},"line":13},"2":{"name":"(anonymous_2)","decl":{"start":{"line":18,"column":12},"end":{"line":18,"column":13}},"loc":{"start":{"line":18,"column":18},"end":{"line":21,"column":3}},"line":18},"3":{"name":"(anonymous_3)","decl":{"start":{"line":23,"column":12},"end":{"line":23,"column":13}},"loc":{"start":{"line":23,"column":18},"end":{"line":25,"column":3}},"line":23}},"branchMap":{},"s":{"0":1,"1":1,"2":1,"3":1,"4":1,"5":1,"6":1,"7":1,"8":1},"f":{"0":1,"1":1,"2":1,"3":1},"b":{},"_coverageSchema":"1a1c01bbd47fc00a2c39e90264f33305004495a9","hash":"c836a491fb9a6c19ee3ad6e5b165827bb9c0f326"}
,"/Users/chanho/Desktop/chris/codesoom/react-week5-assignment-1/src/components/Buttons.jsx": {"path":"/Users/chanho/Desktop/chris/codesoom/react-week5-assignment-1/src/components/Buttons.jsx","statementMap":{"0":{"start":{"line":5,"column":2},"end":{"line":7,"column":3}},"1":{"start":{"line":6,"column":4},"end":{"line":6,"column":45}},"2":{"start":{"line":9,"column":2},"end":{"line":20,"column":4}},"3":{"start":{"line":12,"column":8},"end":{"line":17,"column":13}},"4":{"start":{"line":13,"column":47},"end":{"line":13,"column":86}}},"fnMap":{"0":{"name":"Buttons","decl":{"start":{"line":1,"column":24},"end":{"line":1,"column":31}},"loc":{"start":{"line":4,"column":3},"end":{"line":21,"column":1}},"line":4},"1":{"name":"(anonymous_1)","decl":{"start":{"line":11,"column":22},"end":{"line":11,"column":23}},"loc":{"start":{"line":12,"column":8},"end":{"line":17,"column":13}},"line":12},"2":{"name":"(anonymous_2)","decl":{"start":{"line":13,"column":41},"end":{"line":13,"column":42}},"loc":{"start":{"line":13,"column":47},"end":{"line":13,"column":86}},"line":13}},"branchMap":{"0":{"loc":{"start":{"line":5,"column":2},"end":{"line":7,"column":3}},"type":"if","locations":[{"start":{"line":5,"column":2},"end":{"line":7,"column":3}},{"start":{"line":5,"column":2},"end":{"line":7,"column":3}}],"line":5},"1":{"loc":{"start":{"line":5,"column":6},"end":{"line":5,"column":44}},"type":"binary-expr","locations":[{"start":{"line":5,"column":6},"end":{"line":5,"column":17}},{"start":{"line":5,"column":21},"end":{"line":5,"column":44}}],"line":5},"2":{"loc":{"start":{"line":6,"column":14},"end":{"line":6,"column":40}},"type":"binary-expr","locations":[{"start":{"line":6,"column":14},"end":{"line":6,"column":26}},{"start":{"line":6,"column":30},"end":{"line":6,"column":40}}],"line":6},"3":{"loc":{"start":{"line":15,"column":13},"end":{"line":15,"column":63}},"type":"cond-expr","locations":[{"start":{"line":15,"column":51},"end":{"line":15,"column":56}},{"start":{"line":15,"column":59},"end":{"line":15,"column":63}}],"line":15}},"s":{"0":16,"1":8,"2":8,"3":12,"4":4},"f":{"0":16,"1":12,"2":4},"b":{"0":[8,8],"1":[16,14],"2":[8,1],"3":[0,12]},"_coverageSchema":"1a1c01bbd47fc00a2c39e90264f33305004495a9","hash":"3dde1c008b6c0e7326e5250200ee7555d7f3fd05"}
,"/Users/chanho/Desktop/chris/codesoom/react-week5-assignment-1/src/components/Restaurant.jsx": {"path":"/Users/chanho/Desktop/chris/codesoom/react-week5-assignment-1/src/components/Restaurant.jsx","statementMap":{"0":{"start":{"line":2,"column":19},"end":{"line":2,"column":29}},"1":{"start":{"line":4,"column":2},"end":{"line":8,"column":4}}},"fnMap":{"0":{"name":"Restaurant","decl":{"start":{"line":1,"column":24},"end":{"line":1,"column":34}},"loc":{"start":{"line":1,"column":51},"end":{"line":9,"column":1}},"line":1}},"branchMap":{},"s":{"0":4,"1":4},"f":{"0":4},"b":{},"_coverageSchema":"1a1c01bbd47fc00a2c39e90264f33305004495a9","hash":"6129397a4a9511f46c2d26737c56c03ee4a6e3fb"}
,"/Users/chanho/Desktop/chris/codesoom/react-week5-assignment-1/src/containers/CategoriesContainer.jsx": {"path":"/Users/chanho/Desktop/chris/codesoom/react-week5-assignment-1/src/containers/CategoriesContainer.jsx","statementMap":{"0":{"start":{"line":8,"column":19},"end":{"line":8,"column":32}},"1":{"start":{"line":10,"column":37},"end":{"line":13,"column":5}},"2":{"start":{"line":10,"column":61},"end":{"line":13,"column":3}},"3":{"start":{"line":16,"column":4},"end":{"line":16,"column":54}},"4":{"start":{"line":19,"column":2},"end":{"line":27,"column":4}}},"fnMap":{"0":{"name":"CategoriesContainer","decl":{"start":{"line":7,"column":24},"end":{"line":7,"column":43}},"loc":{"start":{"line":7,"column":46},"end":{"line":28,"column":1}},"line":7},"1":{"name":"(anonymous_1)","decl":{"start":{"line":10,"column":49},"end":{"line":10,"column":50}},"loc":{"start":{"line":10,"column":61},"end":{"line":13,"column":3}},"line":10},"2":{"name":"handleCategoryClick","decl":{"start":{"line":15,"column":11},"end":{"line":15,"column":30}},"loc":{"start":{"line":15,"column":42},"end":{"line":17,"column":3}},"line":15}},"branchMap":{},"s":{"0":4,"1":4,"2":4,"3":1,"4":4},"f":{"0":4,"1":4,"2":1},"b":{},"_coverageSchema":"1a1c01bbd47fc00a2c39e90264f33305004495a9","hash":"14c4aadd4b23ec69423a7186c879265cf759bc52"}
,"/Users/chanho/Desktop/chris/codesoom/react-week5-assignment-1/src/containers/RegionsContainer.jsx": {"path":"/Users/chanho/Desktop/chris/codesoom/react-week5-assignment-1/src/containers/RegionsContainer.jsx","statementMap":{"0":{"start":{"line":8,"column":19},"end":{"line":8,"column":32}},"1":{"start":{"line":10,"column":34},"end":{"line":13,"column":5}},"2":{"start":{"line":10,"column":58},"end":{"line":13,"column":3}},"3":{"start":{"line":16,"column":4},"end":{"line":16,"column":54}},"4":{"start":{"line":19,"column":2},"end":{"line":27,"column":4}}},"fnMap":{"0":{"name":"RegionsContainer","decl":{"start":{"line":7,"column":24},"end":{"line":7,"column":40}},"loc":{"start":{"line":7,"column":43},"end":{"line":28,"column":1}},"line":7},"1":{"name":"(anonymous_1)","decl":{"start":{"line":10,"column":46},"end":{"line":10,"column":47}},"loc":{"start":{"line":10,"column":58},"end":{"line":13,"column":3}},"line":10},"2":{"name":"handleRegionClick","decl":{"start":{"line":15,"column":11},"end":{"line":15,"column":28}},"loc":{"start":{"line":15,"column":40},"end":{"line":17,"column":3}},"line":15}},"branchMap":{},"s":{"0":4,"1":4,"2":4,"3":1,"4":4},"f":{"0":4,"1":4,"2":1},"b":{},"_coverageSchema":"1a1c01bbd47fc00a2c39e90264f33305004495a9","hash":"d9f66978a6533603e2321932976a1f598fb9c9c0"}
,"/Users/chanho/Desktop/chris/codesoom/react-week5-assignment-1/src/containers/RestaurantContainer.jsx": {"path":"/Users/chanho/Desktop/chris/codesoom/react-week5-assignment-1/src/containers/RestaurantContainer.jsx","statementMap":{"0":{"start":{"line":6,"column":26},"end":{"line":8,"column":5}},"1":{"start":{"line":6,"column":50},"end":{"line":8,"column":3}},"2":{"start":{"line":10,"column":2},"end":{"line":12,"column":3}},"3":{"start":{"line":11,"column":4},"end":{"line":11,"column":25}},"4":{"start":{"line":14,"column":2},"end":{"line":23,"column":4}},"5":{"start":{"line":17,"column":8},"end":{"line":20,"column":10}}},"fnMap":{"0":{"name":"RestaurantContainer","decl":{"start":{"line":5,"column":24},"end":{"line":5,"column":43}},"loc":{"start":{"line":5,"column":46},"end":{"line":24,"column":1}},"line":5},"1":{"name":"(anonymous_1)","decl":{"start":{"line":6,"column":38},"end":{"line":6,"column":39}},"loc":{"start":{"line":6,"column":50},"end":{"line":8,"column":3}},"line":6},"2":{"name":"(anonymous_2)","decl":{"start":{"line":16,"column":23},"end":{"line":16,"column":24}},"loc":{"start":{"line":17,"column":8},"end":{"line":20,"column":10}},"line":17}},"branchMap":{"0":{"loc":{"start":{"line":10,"column":2},"end":{"line":12,"column":3}},"type":"if","locations":[{"start":{"line":10,"column":2},"end":{"line":12,"column":3}},{"start":{"line":10,"column":2},"end":{"line":12,"column":3}}],"line":10},"1":{"loc":{"start":{"line":10,"column":6},"end":{"line":10,"column":46}},"type":"binary-expr","locations":[{"start":{"line":10,"column":6},"end":{"line":10,"column":18}},{"start":{"line":10,"column":22},"end":{"line":10,"column":46}}],"line":10}},"s":{"0":3,"1":3,"2":3,"3":1,"4":2,"5":3},"f":{"0":3,"1":3,"2":3},"b":{"0":[1,2],"1":[3,3]},"_coverageSchema":"1a1c01bbd47fc00a2c39e90264f33305004495a9","hash":"183268dde8d02c4a231b017bd41b79b18bf588bf"}
,"/Users/chanho/Desktop/chris/codesoom/react-week5-assignment-1/src/redux/actions.js": {"path":"/Users/chanho/Desktop/chris/codesoom/react-week5-assignment-1/src/redux/actions.js","statementMap":{"0":{"start":{"line":3,"column":30},"end":{"line":8,"column":2}},"1":{"start":{"line":3,"column":52},"end":{"line":8,"column":1}},"2":{"start":{"line":10,"column":29},"end":{"line":15,"column":2}},"3":{"start":{"line":10,"column":50},"end":{"line":15,"column":1}},"4":{"start":{"line":17,"column":26},"end":{"line":22,"column":2}},"5":{"start":{"line":17,"column":44},"end":{"line":22,"column":1}},"6":{"start":{"line":24,"column":32},"end":{"line":29,"column":2}},"7":{"start":{"line":24,"column":53},"end":{"line":29,"column":1}},"8":{"start":{"line":31,"column":32},"end":{"line":36,"column":2}},"9":{"start":{"line":31,"column":53},"end":{"line":36,"column":1}},"10":{"start":{"line":39,"column":2},"end":{"line":43,"column":4}},"11":{"start":{"line":40,"column":20},"end":{"line":40,"column":40}},"12":{"start":{"line":42,"column":4},"end":{"line":42,"column":38}},"13":{"start":{"line":47,"column":2},"end":{"line":51,"column":4}},"14":{"start":{"line":48,"column":23},"end":{"line":48,"column":46}},"15":{"start":{"line":50,"column":4},"end":{"line":50,"column":44}},"16":{"start":{"line":55,"column":2},"end":{"line":59,"column":4}},"17":{"start":{"line":56,"column":24},"end":{"line":56,"column":74}},"18":{"start":{"line":58,"column":4},"end":{"line":58,"column":46}}},"fnMap":{"0":{"name":"(anonymous_0)","decl":{"start":{"line":3,"column":30},"end":{"line":3,"column":31}},"loc":{"start":{"line":3,"column":52},"end":{"line":8,"column":1}},"line":3},"1":{"name":"(anonymous_1)","decl":{"start":{"line":10,"column":29},"end":{"line":10,"column":30}},"loc":{"start":{"line":10,"column":50},"end":{"line":15,"column":1}},"line":10},"2":{"name":"(anonymous_2)","decl":{"start":{"line":17,"column":26},"end":{"line":17,"column":27}},"loc":{"start":{"line":17,"column":44},"end":{"line":22,"column":1}},"line":17},"3":{"name":"(anonymous_3)","decl":{"start":{"line":24,"column":32},"end":{"line":24,"column":33}},"loc":{"start":{"line":24,"column":53},"end":{"line":29,"column":1}},"line":24},"4":{"name":"(anonymous_4)","decl":{"start":{"line":31,"column":32},"end":{"line":31,"column":33}},"loc":{"start":{"line":31,"column":53},"end":{"line":36,"column":1}},"line":31},"5":{"name":"loadRegions","decl":{"start":{"line":38,"column":16},"end":{"line":38,"column":27}},"loc":{"start":{"line":38,"column":30},"end":{"line":44,"column":1}},"line":38},"6":{"name":"(anonymous_6)","decl":{"start":{"line":39,"column":9},"end":{"line":39,"column":10}},"loc":{"start":{"line":39,"column":29},"end":{"line":43,"column":3}},"line":39},"7":{"name":"loadCategories","decl":{"start":{"line":46,"column":16},"end":{"line":46,"column":30}},"loc":{"start":{"line":46,"column":33},"end":{"line":52,"column":1}},"line":46},"8":{"name":"(anonymous_8)","decl":{"start":{"line":47,"column":9},"end":{"line":47,"column":10}},"loc":{"start":{"line":47,"column":29},"end":{"line":51,"column":3}},"line":47},"9":{"name":"loadRestaurants","decl":{"start":{"line":54,"column":16},"end":{"line":54,"column":31}},"loc":{"start":{"line":54,"column":60},"end":{"line":60,"column":1}},"line":54},"10":{"name":"(anonymous_10)","decl":{"start":{"line":55,"column":9},"end":{"line":55,"column":10}},"loc":{"start":{"line":55,"column":29},"end":{"line":59,"column":3}},"line":55}},"branchMap":{},"s":{"0":4,"1":2,"2":4,"3":2,"4":4,"5":2,"6":4,"7":2,"8":4,"9":2,"10":1,"11":0,"12":0,"13":1,"14":0,"15":0,"16":1,"17":0,"18":0},"f":{"0":2,"1":2,"2":2,"3":2,"4":2,"5":1,"6":0,"7":1,"8":0,"9":1,"10":0},"b":{},"_coverageSchema":"1a1c01bbd47fc00a2c39e90264f33305004495a9","hash":"153e0add5fb6d2139ef44f3f228ece4df2bfabd7"}
,"/Users/chanho/Desktop/chris/codesoom/react-week5-assignment-1/src/redux/reducer.js": {"path":"/Users/chanho/Desktop/chris/codesoom/react-week5-assignment-1/src/redux/reducer.js","statementMap":{"0":{"start":{"line":1,"column":21},"end":{"line":7,"column":1}},"1":{"start":{"line":13,"column":2},"end":{"line":19,"column":3}},"2":{"start":{"line":14,"column":28},"end":{"line":14,"column":42}},"3":{"start":{"line":15,"column":4},"end":{"line":18,"column":6}},"4":{"start":{"line":21,"column":2},"end":{"line":27,"column":3}},"5":{"start":{"line":22,"column":27},"end":{"line":22,"column":41}},"6":{"start":{"line":23,"column":4},"end":{"line":26,"column":6}},"7":{"start":{"line":29,"column":2},"end":{"line":35,"column":3}},"8":{"start":{"line":30,"column":24},"end":{"line":30,"column":38}},"9":{"start":{"line":31,"column":4},"end":{"line":34,"column":6}},"10":{"start":{"line":37,"column":2},"end":{"line":43,"column":3}},"11":{"start":{"line":38,"column":27},"end":{"line":38,"column":41}},"12":{"start":{"line":39,"column":4},"end":{"line":42,"column":6}},"13":{"start":{"line":45,"column":2},"end":{"line":51,"column":3}},"14":{"start":{"line":46,"column":27},"end":{"line":46,"column":41}},"15":{"start":{"line":47,"column":4},"end":{"line":50,"column":6}},"16":{"start":{"line":53,"column":2},"end":{"line":53,"column":15}}},"fnMap":{"0":{"name":"reducer","decl":{"start":{"line":9,"column":24},"end":{"line":9,"column":31}},"loc":{"start":{"line":12,"column":3},"end":{"line":54,"column":1}},"line":12}},"branchMap":{"0":{"loc":{"start":{"line":10,"column":2},"end":{"line":10,"column":22}},"type":"default-arg","locations":[{"start":{"line":10,"column":10},"end":{"line":10,"column":22}}],"line":10},"1":{"loc":{"start":{"line":13,"column":2},"end":{"line":19,"column":3}},"type":"if","locations":[{"start":{"line":13,"column":2},"end":{"line":19,"column":3}},{"start":{"line":13,"column":2},"end":{"line":19,"column":3}}],"line":13},"2":{"loc":{"start":{"line":21,"column":2},"end":{"line":27,"column":3}},"type":"if","locations":[{"start":{"line":21,"column":2},"end":{"line":27,"column":3}},{"start":{"line":21,"column":2},"end":{"line":27,"column":3}}],"line":21},"3":{"loc":{"start":{"line":29,"column":2},"end":{"line":35,"column":3}},"type":"if","locations":[{"start":{"line":29,"column":2},"end":{"line":35,"column":3}},{"start":{"line":29,"column":2},"end":{"line":35,"column":3}}],"line":29},"4":{"loc":{"start":{"line":37,"column":2},"end":{"line":43,"column":3}},"type":"if","locations":[{"start":{"line":37,"column":2},"end":{"line":43,"column":3}},{"start":{"line":37,"column":2},"end":{"line":43,"column":3}}],"line":37},"5":{"loc":{"start":{"line":45,"column":2},"end":{"line":51,"column":3}},"type":"if","locations":[{"start":{"line":45,"column":2},"end":{"line":51,"column":3}},{"start":{"line":45,"column":2},"end":{"line":51,"column":3}}],"line":45}},"s":{"0":1,"1":7,"2":2,"3":2,"4":5,"5":2,"6":2,"7":3,"8":2,"9":2,"10":1,"11":0,"12":0,"13":1,"14":0,"15":0,"16":1},"f":{"0":7},"b":{"0":[1],"1":[2,5],"2":[2,3],"3":[2,1],"4":[0,1],"5":[0,1]},"_coverageSchema":"1a1c01bbd47fc00a2c39e90264f33305004495a9","hash":"047a1a88291378eeb038552be4034ca7d46d5fb4"}
,"/Users/chanho/Desktop/chris/codesoom/react-week5-assignment-1/src/services/api.js": {"path":"/Users/chanho/Desktop/chris/codesoom/react-week5-assignment-1/src/services/api.js","statementMap":{"0":{"start":{"line":2,"column":14},"end":{"line":2,"column":67}},"1":{"start":{"line":3,"column":19},"end":{"line":3,"column":35}},"2":{"start":{"line":4,"column":15},"end":{"line":4,"column":36}},"3":{"start":{"line":5,"column":2},"end":{"line":5,"column":14}},"4":{"start":{"line":9,"column":14},"end":{"line":9,"column":64}},"5":{"start":{"line":10,"column":19},"end":{"line":10,"column":35}},"6":{"start":{"line":11,"column":15},"end":{"line":11,"column":36}},"7":{"start":{"line":12,"column":2},"end":{"line":12,"column":14}},"8":{"start":{"line":16,"column":14},"end":{"line":16,"column":112}},"9":{"start":{"line":17,"column":19},"end":{"line":17,"column":35}},"10":{"start":{"line":18,"column":15},"end":{"line":18,"column":36}},"11":{"start":{"line":19,"column":2},"end":{"line":19,"column":14}}},"fnMap":{"0":{"name":"fetchCategories","decl":{"start":{"line":1,"column":22},"end":{"line":1,"column":37}},"loc":{"start":{"line":1,"column":40},"end":{"line":6,"column":1}},"line":1},"1":{"name":"fetchRegions","decl":{"start":{"line":8,"column":22},"end":{"line":8,"column":34}},"loc":{"start":{"line":8,"column":37},"end":{"line":13,"column":1}},"line":8},"2":{"name":"fetchRestaurants","decl":{"start":{"line":15,"column":22},"end":{"line":15,"column":38}},"loc":{"start":{"line":15,"column":67},"end":{"line":20,"column":1}},"line":15}},"branchMap":{},"s":{"0":0,"1":0,"2":0,"3":0,"4":0,"5":0,"6":0,"7":0,"8":0,"9":0,"10":0,"11":0},"f":{"0":0,"1":0,"2":0},"b":{},"_coverageSchema":"1a1c01bbd47fc00a2c39e90264f33305004495a9","hash":"763afd07cb671a60c4896465c34bb735edd3247e"}
}
