TN:
SF:src/components/App.jsx
FN:10,App
FN:13,(anonymous_1)
FN:18,(anonymous_2)
FN:23,(anonymous_3)
FNF:4
FNH:4
FNDA:1,App
FNDA:1,(anonymous_1)
FNDA:1,(anonymous_2)
FNDA:1,(anonymous_3)
DA:11,1
DA:13,1
DA:18,1
DA:19,1
DA:20,1
DA:23,1
DA:24,1
DA:27,1
LF:8
LH:8
BRF:0
BRH:0
end_of_record
TN:
SF:src/components/Buttons.jsx
FN:1,Buttons
FN:11,(anonymous_1)
FN:13,(anonymous_2)
FNF:3
FNH:3
FNDA:16,Buttons
FNDA:12,(anonymous_1)
FNDA:4,(anonymous_2)
DA:5,16
DA:6,8
DA:9,8
DA:12,12
DA:13,4
LF:5
LH:5
BRDA:5,0,0,8
BRDA:5,0,1,8
BRDA:5,1,0,16
BRDA:5,1,1,14
BRDA:6,2,0,8
BRDA:6,2,1,1
BRDA:15,3,0,0
BRDA:15,3,1,12
BRF:8
BRH:7
end_of_record
TN:
SF:src/components/Restaurant.jsx
FN:1,Restaurant
FNF:1
FNH:1
FNDA:4,Restaurant
DA:2,4
DA:4,4
LF:2
LH:2
BRF:0
BRH:0
end_of_record
TN:
SF:src/containers/CategoriesContainer.jsx
FN:7,CategoriesContainer
FN:10,(anonymous_1)
FN:15,handleCategoryClick
FNF:3
FNH:3
FNDA:4,CategoriesContainer
FNDA:4,(anonymous_1)
FNDA:1,handleCategoryClick
DA:8,4
DA:10,4
DA:16,1
DA:19,4
LF:4
LH:4
BRF:0
BRH:0
end_of_record
TN:
SF:src/containers/RegionsContainer.jsx
FN:7,RegionsContainer
FN:10,(anonymous_1)
FN:15,handleRegionClick
FNF:3
FNH:3
FNDA:4,RegionsContainer
FNDA:4,(anonymous_1)
FNDA:1,handleRegionClick
DA:8,4
DA:10,4
DA:16,1
DA:19,4
LF:4
LH:4
BRF:0
BRH:0
end_of_record
TN:
SF:src/containers/RestaurantContainer.jsx
FN:5,RestaurantContainer
FN:6,(anonymous_1)
FN:16,(anonymous_2)
FNF:3
FNH:3
FNDA:3,RestaurantContainer
FNDA:3,(anonymous_1)
FNDA:3,(anonymous_2)
DA:6,3
DA:10,3
DA:11,1
DA:14,2
DA:17,3
LF:5
LH:5
BRDA:10,0,0,1
BRDA:10,0,1,2
BRDA:10,1,0,3
BRDA:10,1,1,3
BRF:4
BRH:4
end_of_record
TN:
SF:src/redux/actions.js
FN:3,(anonymous_0)
FN:10,(anonymous_1)
FN:17,(anonymous_2)
FN:24,(anonymous_3)
FN:31,(anonymous_4)
FN:38,loadRegions
FN:39,(anonymous_6)
FN:46,loadCategories
FN:47,(anonymous_8)
FN:54,loadRestaurants
FN:55,(anonymous_10)
FNF:11
FNH:8
FNDA:2,(anonymous_0)
FNDA:2,(anonymous_1)
FNDA:2,(anonymous_2)
FNDA:2,(anonymous_3)
FNDA:2,(anonymous_4)
FNDA:1,loadRegions
FNDA:0,(anonymous_6)
FNDA:1,loadCategories
FNDA:0,(anonymous_8)
FNDA:1,loadRestaurants
FNDA:0,(anonymous_10)
DA:3,4
DA:10,4
DA:17,4
DA:24,4
DA:31,4
DA:39,1
DA:40,0
DA:42,0
DA:47,1
DA:48,0
DA:50,0
DA:55,1
DA:56,0
DA:58,0
LF:14
LH:8
BRF:0
BRH:0
end_of_record
TN:
SF:src/redux/reducer.js
FN:9,reducer
FNF:1
FNH:1
FNDA:7,reducer
DA:1,1
DA:13,7
DA:14,2
DA:15,2
DA:21,5
DA:22,2
DA:23,2
DA:29,3
DA:30,2
DA:31,2
DA:37,1
DA:38,0
DA:39,0
DA:45,1
DA:46,0
DA:47,0
DA:53,1
LF:17
LH:13
BRDA:10,0,0,1
BRDA:13,1,0,2
BRDA:13,1,1,5
BRDA:21,2,0,2
BRDA:21,2,1,3
BRDA:29,3,0,2
BRDA:29,3,1,1
BRDA:37,4,0,0
BRDA:37,4,1,1
BRDA:45,5,0,0
BRDA:45,5,1,1
BRF:11
BRH:9
end_of_record
TN:
SF:src/services/api.js
FN:1,fetchCategories
FN:8,fetchRegions
FN:15,fetchRestaurants
FNF:3
FNH:0
FNDA:0,fetchCategories
FNDA:0,fetchRegions
FNDA:0,fetchRestaurants
DA:2,0
DA:3,0
DA:4,0
DA:5,0
DA:9,0
DA:10,0
DA:11,0
DA:12,0
DA:16,0
DA:17,0
DA:18,0
DA:19,0
LF:12
LH:0
BRF:0
BRH:0
end_of_record
