TN:
SF:src/components/App.jsx
FN:10,App
FN:13,(anonymous_1)
FN:18,(anonymous_2)
FN:23,(anonymous_3)
FNF:4
FNH:4
FNDA:4,App
FNDA:4,(anonymous_1)
FNDA:4,(anonymous_2)
FNDA:4,(anonymous_3)
DA:11,4
DA:13,4
DA:18,4
DA:19,4
DA:20,4
DA:23,4
DA:24,4
DA:27,4
LF:8
LH:8
BRF:0
BRH:0
end_of_record
TN:
SF:src/components/Button.jsx
FN:1,Button
FN:11,(anonymous_1)
FNF:2
FNH:2
FNDA:35,Button
FNDA:4,(anonymous_1)
DA:7,35
DA:11,4
LF:2
LH:2
BRDA:14,0,0,5
BRDA:14,0,1,30
BRF:2
BRH:2
end_of_record
TN:
SF:src/components/List.jsx
FN:3,List
FN:13,(anonymous_1)
FN:17,(anonymous_2)
FNF:3
FNH:3
FNDA:21,List
FNDA:32,(anonymous_1)
FNDA:32,(anonymous_2)
DA:7,21
DA:8,5
DA:11,16
DA:14,32
DA:17,32
LF:5
LH:5
BRDA:7,0,0,5
BRDA:7,0,1,16
BRDA:7,1,0,21
BRDA:7,1,1,21
BRDA:8,2,0,5
BRDA:8,2,1,1
BRF:6
BRH:6
end_of_record
TN:
SF:src/components/Restaurant.jsx
FN:1,Restaurant
FNF:1
FNH:1
FNDA:11,Restaurant
DA:2,11
DA:4,11
LF:2
LH:2
BRF:0
BRH:0
end_of_record
TN:
SF:src/containers/CategoriesContainer.jsx
FN:7,CategoriesContainer
FN:10,(anonymous_1)
FN:15,handleCategoryClick
FNF:3
FNH:3
FNDA:7,CategoriesContainer
FNDA:7,(anonymous_1)
FNDA:1,handleCategoryClick
DA:8,7
DA:10,7
DA:16,1
DA:19,7
LF:4
LH:4
BRF:0
BRH:0
end_of_record
TN:
SF:src/containers/RegionsContainer.jsx
FN:7,RegionsContainer
FN:10,(anonymous_1)
FN:15,handleRegionClick
FNF:3
FNH:3
FNDA:7,RegionsContainer
FNDA:7,(anonymous_1)
FNDA:1,handleRegionClick
DA:8,7
DA:10,7
DA:16,1
DA:19,7
LF:4
LH:4
BRF:0
BRH:0
end_of_record
TN:
SF:src/containers/RestaurantContainer.jsx
FN:5,RestaurantContainer
FN:6,(anonymous_1)
FN:16,(anonymous_2)
FNF:3
FNH:3
FNDA:6,RestaurantContainer
FNDA:6,(anonymous_1)
FNDA:10,(anonymous_2)
DA:6,6
DA:10,6
DA:11,1
DA:14,5
DA:17,10
LF:5
LH:5
BRDA:10,0,0,1
BRDA:10,0,1,5
BRDA:10,1,0,6
BRDA:10,1,1,6
BRF:4
BRH:4
end_of_record
TN:
SF:src/fixtures/categories.js
FNF:0
FNH:0
DA:1,3
LF:1
LH:1
BRF:0
BRH:0
end_of_record
TN:
SF:src/fixtures/regions.js
FNF:0
FNH:0
DA:1,4
LF:1
LH:1
BRF:0
BRH:0
end_of_record
TN:
SF:src/fixtures/restaurants.js
FNF:0
FNH:0
DA:1,4
LF:1
LH:1
BRF:0
BRH:0
end_of_record
TN:
SF:src/redux/actions.js
FN:3,(anonymous_0)
FN:10,(anonymous_1)
FN:17,(anonymous_2)
FN:24,(anonymous_3)
FN:31,(anonymous_4)
FN:38,loadRegions
FN:39,(anonymous_6)
FN:46,loadCategories
FN:47,(anonymous_8)
FN:54,loadRestaurants
FN:55,(anonymous_10)
FNF:11
FNH:11
FNDA:3,(anonymous_0)
FNDA:3,(anonymous_1)
FNDA:3,(anonymous_2)
FNDA:3,(anonymous_3)
FNDA:3,(anonymous_4)
FNDA:5,loadRegions
FNDA:1,(anonymous_6)
FNDA:5,loadCategories
FNDA:1,(anonymous_8)
FNDA:5,loadRestaurants
FNDA:1,(anonymous_10)
DA:3,5
DA:10,5
DA:17,5
DA:24,5
DA:31,5
DA:39,5
DA:40,1
DA:42,1
DA:47,5
DA:48,1
DA:50,1
DA:55,5
DA:56,1
DA:58,1
LF:14
LH:14
BRF:0
BRH:0
end_of_record
TN:
SF:src/redux/reducer.js
FN:9,reducer
FNF:1
FNH:1
FNDA:9,reducer
DA:1,1
DA:13,9
DA:14,2
DA:15,2
DA:21,7
DA:22,2
DA:23,2
DA:29,5
DA:30,2
DA:31,2
DA:37,3
DA:38,1
DA:39,1
DA:45,2
DA:46,1
DA:47,1
DA:53,1
LF:17
LH:17
BRDA:10,0,0,1
BRDA:13,1,0,2
BRDA:13,1,1,7
BRDA:21,2,0,2
BRDA:21,2,1,5
BRDA:29,3,0,2
BRDA:29,3,1,3
BRDA:37,4,0,1
BRDA:37,4,1,2
BRDA:45,5,0,1
BRDA:45,5,1,1
BRF:11
BRH:11
end_of_record
TN:
SF:src/services/api.js
FN:1,fetchCategories
FN:8,fetchRegions
FN:15,fetchRestaurants
FNF:3
FNH:3
FNDA:1,fetchCategories
FNDA:1,fetchRegions
FNDA:1,fetchRestaurants
DA:2,1
DA:3,1
DA:4,1
DA:5,1
DA:9,1
DA:10,1
DA:11,1
DA:12,1
DA:16,1
DA:17,1
DA:18,1
DA:19,1
LF:12
LH:12
BRF:0
BRH:0
end_of_record
